20
50000 7314 0.14628 
100000 7314 0.07314 
170000 7314 0.043023529411764704 
230000 7314 0.0318 
360000 7314 0.020316666666666667 
370000 7314 0.01976756756756757 
430000 7314 0.017009302325581396 
560000 7314 0.013060714285714285 
570000 7314 0.012831578947368421 
580000 7314 0.012610344827586207 
740000 7314 0.009883783783783785 
850000 7314 0.008604705882352941 
910000 7314 0.008037362637362638 
980000 7314 0.007463265306122449 
1200000 7314 0.006095 
1300000 7314 0.005626153846153846 
1350000 7314 0.0054177777777777774 
1450000 7314 0.005044137931034483 
1500000 7314 0.004876 
2000000 7314 0.003657