20
50000 1012 0.02024 
100000 1012 0.01012 
170000 1012 0.005952941176470588 
230000 1012 0.0044 
360000 1012 0.002811111111111111 
370000 1012 0.002735135135135135 
430000 1012 0.0023534883720930234 
560000 1012 0.0018071428571428572 
570000 1012 0.001775438596491228 
580000 1012 0.0017448275862068966 
740000 1012 0.0013675675675675675 
850000 1012 0.0011905882352941175 
910000 1012 0.001112087912087912 
980000 1012 0.0010326530612244898 
1200000 1012 0.0008433333333333333 
1300000 1012 0.0007784615384615384 
1350000 1012 0.0007496296296296296 
1450000 1012 0.0006979310344827586 
1500000 1012 0.0006746666666666666 
2000000 1012 0.000506