140
2309 7314 73 
12149 7314 4 
13902 7314 35 
15261 7314 38 
15477 7314 53 
21264 7314 51 
27215 7314 84 
35723 7314 137 
40441 7314 128 
41369 7314 87 
41383 7314 67 
46540 7314 21 
46641 7314 78 
51007 7314 101 
51584 7314 138 
54406 7314 50 
57644 7314 120 
66230 7314 15 
67115 7314 95 
70665 7314 48 
73803 7314 117 
76827 7314 13 
79795 7314 115 
83440 7314 103 
86469 7314 3 
86577 7314 86 
95189 7314 57 
101749 7314 96 
102098 7314 14 
103451 7314 133 
105530 7314 125 
107441 7314 5 
107731 7314 59 
107796 7314 119 
108521 7314 83 
113024 7314 49 
115984 7314 0 
120385 7314 40 
128369 7314 112 
132955 7314 62 
139550 7314 65 
142241 7314 12 
149018 7314 77 
150333 7314 61 
152114 7314 129 
158919 7314 110 
159084 7314 124 
166728 7314 23 
176020 7314 30 
176344 7314 63 
176847 7314 85 
179432 7314 26 
183787 7314 32 
184307 7314 19 
184345 7314 90 
189664 7314 29 
192557 7314 33 
193349 7314 64 
196832 7314 100 
199920 7314 18 
200031 7314 9 
201663 7314 132 
211727 7314 134 
212138 7314 107 
220083 7314 91 
225054 7314 75 
226997 7314 118 
232808 7314 76 
235376 7314 46 
240830 7314 74 
244913 7314 111 
246693 7314 122 
267605 7314 121 
272916 7314 130 
273058 7314 47 
279650 7314 116 
280088 7314 24 
281825 7314 16 
287560 7314 44 
309068 7314 114 
312280 7314 80 
312976 7314 89 
314429 7314 45 
316851 7314 70 
318290 7314 20 
326428 7314 102 
332317 7314 27 
332457 7314 79 
333114 7314 56 
335699 7314 93 
337867 7314 136 
339566 7314 31 
342205 7314 41 
344996 7314 1 
348801 7314 88 
358032 7314 99 
360437 7314 58 
366712 7314 68 
370983 7314 11 
371633 7314 131 
372941 7314 6 
389874 7314 109 
391247 7314 92 
395373 7314 104 
397768 7314 55 
403873 7314 7 
405069 7314 69 
411908 7314 54 
415660 7314 42 
417518 7314 105 
420805 7314 52 
422843 7314 8 
431175 7314 94 
433820 7314 98 
435176 7314 97 
436672 7314 72 
437272 7314 135 
444010 7314 82 
447325 7314 28 
449402 7314 39 
449822 7314 139 
452877 7314 81 
453354 7314 106 
457433 7314 126 
470395 7314 36 
473917 7314 2 
478041 7314 71 
478238 7314 123 
478847 7314 37 
480596 7314 66 
482566 7314 34 
484527 7314 127 
488203 7314 22 
488412 7314 10 
488972 7314 43 
492986 7314 17 
498699 7314 60 
500324 7314 108 
506029 7314 113 
509003 7314 25