140
200000 9664 0 
200000 6872 1 
200000 9498 2 
200000 4510 3 
200000 7383 4 
200000 8072 5 
200000 5856 6 
200000 1350 7 
200000 5314 8 
200000 1890 9 
200000 7970 10 
200000 9619 11 
200000 5494 12 
200000 3120 13 
200000 3982 14 
200000 266 15 
200000 4441 16 
200000 1920 17 
200000 3613 18 
200000 6096 19 
200000 2794 20 
200000 5449 21 
200000 6982 22 
200000 1019 23 
200000 1649 24 
200000 2398 25 
200000 3585 26 
200000 742 27 
200000 9403 28 
200000 8753 29 
200000 9866 30 
200000 1213 31 
200000 438 32 
200000 2039 33 
200000 3089 34 
200000 9935 35 
200000 9437 36 
200000 1962 37 
200000 6410 38 
200000 1500 39 
200000 6065 40 
200000 1902 41 
200000 597 42 
200000 9921 43 
200000 355 44 
200000 3189 45 
200000 3031 46 
200000 2030 47 
200000 7852 48 
200000 3451 49 
200000 1001 50 
200000 374 51 
200000 8917 52 
200000 6974 53 
200000 1663 54 
200000 4259 55 
200000 1147 56 
200000 3619 57 
200000 1180 58 
200000 4933 59 
200000 5740 60 
200000 7145 61 
200000 2955 62 
200000 1001 63 
200000 8252 64 
200000 7654 65 
200000 646 66 
200000 9773 67 
200000 1654 68 
200000 6411 69 
200000 3267 70 
200000 4263 71 
200000 5875 72 
200000 7705 73 
200000 9336 74 
200000 2776 75 
200000 3333 76 
200000 952 77 
200000 2593 78 
200000 2654 79 
200000 5609 80 
200000 8675 81 
200000 4108 82 
200000 1921 83 
200000 9778 84 
200000 7247 85 
200000 2865 86 
200000 217 87 
200000 7728 88 
200000 6716 89 
200000 9325 90 
200000 8333 91 
200000 5103 92 
200000 5852 93 
200000 6368 94 
200000 4112 95 
200000 2514 96 
200000 9185 97 
200000 204 98 
200000 7504 99 
200000 1296 100 
200000 5504 101 
200000 749 102 
200000 8919 103 
200000 4602 104 
200000 2210 105 
200000 3935 106 
200000 7895 107 
200000 5771 108 
200000 9997 109 
200000 4717 110 
200000 5886 111 
200000 9672 112 
200000 2169 113 
200000 5084 114 
200000 6358 115 
200000 6790 116 
200000 1323 117 
200000 25 118 
200000 9742 119 
200000 3151 120 
200000 5479 121 
200000 2623 122 
200000 3923 123 
200000 3656 124 
200000 7343 125 
200000 6204 126 
200000 9309 127 
200000 6790 128 
200000 517 129 
200000 6591 130 
200000 9298 131 
200000 6853 132 
200000 767 133 
200000 2715 134 
200000 7297 135 
200000 1047 136 
200000 4248 137 
200000 2584 138 
200000 7314 139