140
9997 50000 109 
9935 50000 35 
9921 50000 43 
9866 50000 30 
9778 50000 84 
9773 50000 67 
9742 50000 119 
9672 50000 112 
9664 50000 0 
9619 50000 11 
9498 50000 2 
9437 50000 36 
9403 50000 28 
9336 50000 74 
9325 50000 90 
9309 50000 127 
9298 50000 131 
9185 50000 97 
8919 50000 103 
8917 50000 52 
8753 50000 29 
8675 50000 81 
8333 50000 91 
8252 50000 64 
8072 50000 5 
7970 50000 10 
7895 50000 107 
7852 50000 48 
7728 50000 88 
7705 50000 73 
7654 50000 65 
7504 50000 99 
7383 50000 4 
7343 50000 125 
7314 50000 139 
7297 50000 135 
7247 50000 85 
7145 50000 61 
6982 50000 22 
6974 50000 53 
6872 50000 1 
6853 50000 132 
6790 50000 116 
6790 50000 128 
6716 50000 89 
6591 50000 130 
6411 50000 69 
6410 50000 38 
6368 50000 94 
6358 50000 115 
6204 50000 126 
6096 50000 19 
6065 50000 40 
5886 50000 111 
5875 50000 72 
5856 50000 6 
5852 50000 93 
5771 50000 108 
5740 50000 60 
5609 50000 80 
5504 50000 101 
5494 50000 12 
5479 50000 121 
5449 50000 21 
5314 50000 8 
5103 50000 92 
5084 50000 114 
4933 50000 59 
4717 50000 110 
4602 50000 104 
4510 50000 3 
4441 50000 16 
4263 50000 71 
4259 50000 55 
4248 50000 137 
4112 50000 95 
4108 50000 82 
3982 50000 14 
3935 50000 106 
3923 50000 123 
3656 50000 124 
3619 50000 57 
3613 50000 18 
3585 50000 26 
3451 50000 49 
3333 50000 76 
3267 50000 70 
3189 50000 45 
3151 50000 120 
3120 50000 13 
3089 50000 34 
3031 50000 46 
2955 50000 62 
2865 50000 86 
2794 50000 20 
2776 50000 75 
2715 50000 134 
2654 50000 79 
2623 50000 122 
2593 50000 78 
2584 50000 138 
2514 50000 96 
2398 50000 25 
2210 50000 105 
2169 50000 113 
2039 50000 33 
2030 50000 47 
1962 50000 37 
1921 50000 83 
1920 50000 17 
1902 50000 41 
1890 50000 9 
1663 50000 54 
1654 50000 68 
1649 50000 24 
1500 50000 39 
1350 50000 7 
1323 50000 117 
1296 50000 100 
1213 50000 31 
1180 50000 58 
1147 50000 56 
1047 50000 136 
1019 50000 23 
1001 50000 50 
1001 50000 63 
952 50000 77 
767 50000 133 
749 50000 102 
742 50000 27 
646 50000 66 
597 50000 42 
517 50000 129 
438 50000 32 
374 50000 51 
355 50000 44 
266 50000 15 
217 50000 87 
204 50000 98 
25 50000 118