140
9997 99 109 
9935 99 35 
9921 99 43 
9866 99 30 
9778 99 84 
9773 99 67 
9742 99 119 
9672 99 112 
9664 99 0 
9619 99 11 
9498 99 2 
9437 99 36 
9403 99 28 
9336 99 74 
9325 99 90 
9309 99 127 
9298 99 131 
9185 99 97 
8919 99 103 
8917 99 52 
8753 99 29 
8675 99 81 
8333 99 91 
8252 99 64 
8072 99 5 
7970 99 10 
7895 99 107 
7852 99 48 
7728 99 88 
7705 99 73 
7654 99 65 
7504 99 99 
7383 99 4 
7343 99 125 
7314 99 139 
7297 99 135 
7247 99 85 
7145 99 61 
6982 99 22 
6974 99 53 
6872 99 1 
6853 99 132 
6790 99 116 
6790 99 128 
6716 99 89 
6591 99 130 
6411 99 69 
6410 99 38 
6368 99 94 
6358 99 115 
6204 99 126 
6096 99 19 
6065 99 40 
5886 99 111 
5875 99 72 
5856 99 6 
5852 99 93 
5771 99 108 
5740 99 60 
5609 99 80 
5504 99 101 
5494 99 12 
5479 99 121 
5449 99 21 
5314 99 8 
5103 99 92 
5084 99 114 
4933 99 59 
4717 99 110 
4602 99 104 
4510 99 3 
4441 99 16 
4263 99 71 
4259 99 55 
4248 99 137 
4112 99 95 
4108 99 82 
3982 99 14 
3935 99 106 
3923 99 123 
3656 99 124 
3619 99 57 
3613 99 18 
3585 99 26 
3451 99 49 
3333 99 76 
3267 99 70 
3189 99 45 
3151 99 120 
3120 99 13 
3089 99 34 
3031 99 46 
2955 99 62 
2865 99 86 
2794 99 20 
2776 99 75 
2715 99 134 
2654 99 79 
2623 99 122 
2593 99 78 
2584 99 138 
2514 99 96 
2398 99 25 
2210 99 105 
2169 99 113 
2039 99 33 
2030 99 47 
1962 99 37 
1921 99 83 
1920 99 17 
1902 99 41 
1890 99 9 
1663 99 54 
1654 99 68 
1649 99 24 
1500 99 39 
1350 99 7 
1323 99 117 
1296 99 100 
1213 99 31 
1180 99 58 
1147 99 56 
1047 99 136 
1019 99 23 
1001 99 50 
1001 99 63 
952 99 77 
767 99 133 
749 99 102 
742 99 27 
646 99 66 
597 99 42 
517 99 129 
438 99 32 
374 99 51 
355 99 44 
266 99 15 
217 99 87 
204 99 98 
25 99 118